<?xml version="1.0" encoding="UTF-8"?>
<coverage generated="1664031542405" clover="3.2.0">
  <project timestamp="1664031542406" name="All files">
    <metrics statements="35" coveredstatements="35" conditionals="6" coveredconditionals="6" methods="9" coveredmethods="9" elements="50" coveredelements="50" complexity="0" loc="35" ncloc="35" packages="2" files="2" classes="2"/>
    <package name="src">
      <metrics statements="3" coveredstatements="3" conditionals="0" coveredconditionals="0" methods="0" coveredmethods="0"/>
      <file name="database.ts" path="/home/jaquecaye/Documentos/DRIVEN/DESENVOLVIMENTO FULL STACK/PROJETOS/projeto21-singmeasong/back-end/src/database.ts">
        <metrics statements="3" coveredstatements="3" conditionals="0" coveredconditionals="0" methods="0" coveredmethods="0"/>
        <line num="1" count="1" type="stmt"/>
        <line num="3" count="1" type="stmt"/>
        <line num="5" count="1" type="stmt"/>
      </file>
    </package>
    <package name="src.services">
      <metrics statements="32" coveredstatements="32" conditionals="6" coveredconditionals="6" methods="9" coveredmethods="9"/>
      <file name="recommendationsService.ts" path="/home/jaquecaye/Documentos/DRIVEN/DESENVOLVIMENTO FULL STACK/PROJETOS/projeto21-singmeasong/back-end/src/services/recommendationsService.ts">
        <metrics statements="32" coveredstatements="32" conditionals="6" coveredconditionals="6" methods="9" coveredmethods="9"/>
        <line num="2" count="1" type="stmt"/>
        <line num="3" count="1" type="stmt"/>
        <line num="8" count="2" type="stmt"/>
        <line num="12" count="2" type="cond" truecount="1" falsecount="0"/>
        <line num="13" count="1" type="stmt"/>
        <line num="15" count="1" type="stmt"/>
        <line num="19" count="1" type="stmt"/>
        <line num="21" count="1" type="stmt"/>
        <line num="25" count="3" type="stmt"/>
        <line num="27" count="2" type="stmt"/>
        <line num="32" count="2" type="cond" truecount="1" falsecount="0"/>
        <line num="33" count="1" type="stmt"/>
        <line num="38" count="4" type="stmt"/>
        <line num="40" count="4" type="cond" truecount="1" falsecount="0"/>
        <line num="42" count="3" type="stmt"/>
        <line num="46" count="1" type="stmt"/>
        <line num="50" count="1" type="stmt"/>
        <line num="54" count="2" type="stmt"/>
        <line num="55" count="2" type="stmt"/>
        <line num="57" count="2" type="stmt"/>
        <line num="59" count="2" type="cond" truecount="1" falsecount="0"/>
        <line num="60" count="1" type="stmt"/>
        <line num="63" count="1" type="stmt"/>
        <line num="64" count="1" type="stmt"/>
        <line num="68" count="2" type="stmt"/>
        <line num="73" count="2" type="cond" truecount="1" falsecount="0"/>
        <line num="74" count="1" type="stmt"/>
        <line num="77" count="1" type="stmt"/>
        <line num="81" count="2" type="cond" truecount="1" falsecount="0"/>
        <line num="82" count="1" type="stmt"/>
        <line num="85" count="1" type="stmt"/>
        <line num="88" count="1" type="stmt"/>
      </file>
    </package>
  </project>
</coverage>
