{"/home/jaquecaye/Documentos/DRIVEN/DESENVOLVIMENTO FULL STACK/PROJETOS/projeto21-singmeasong/back-end/src/app.ts": {"path":"/home/jaquecaye/Documentos/DRIVEN/DESENVOLVIMENTO FULL STACK/PROJETOS/projeto21-singmeasong/back-end/src/app.ts","statementMap":{"0":{"start":{"line":1,"column":0},"end":{"line":1,"column":24}},"1":{"start":{"line":2,"column":0},"end":{"line":2,"column":30}},"2":{"start":{"line":3,"column":0},"end":{"line":3,"column":28}},"3":{"start":{"line":4,"column":0},"end":{"line":4,"column":30}},"4":{"start":{"line":5,"column":0},"end":{"line":5,"column":78}},"5":{"start":{"line":6,"column":0},"end":{"line":6,"column":66}},"6":{"start":{"line":7,"column":0},"end":{"line":7,"column":44}},"7":{"start":{"line":9,"column":0},"end":{"line":9,"column":16}},"8":{"start":{"line":11,"column":12},"end":{"line":11,"column":21}},"9":{"start":{"line":12,"column":0},"end":{"line":12,"column":16}},"10":{"start":{"line":13,"column":0},"end":{"line":13,"column":24}},"11":{"start":{"line":15,"column":0},"end":{"line":15,"column":50}},"12":{"start":{"line":17,"column":0},"end":{"line":19,"column":null}},"13":{"start":{"line":18,"column":2},"end":{"line":18,"column":21}},"14":{"start":{"line":21,"column":0},"end":{"line":21,"column":32}},"15":{"start":{"line":23,"column":0},"end":{"line":23,"column":19}}},"fnMap":{},"branchMap":{"0":{"loc":{"start":{"line":17,"column":0},"end":{"line":19,"column":null}},"type":"if","locations":[{"start":{"line":17,"column":0},"end":{"line":19,"column":null}}]}},"s":{"0":1,"1":1,"2":1,"3":1,"4":1,"5":1,"6":1,"7":1,"8":1,"9":1,"10":1,"11":1,"12":1,"13":1,"14":1,"15":1},"f":{},"b":{"0":[1]}}
,"/home/jaquecaye/Documentos/DRIVEN/DESENVOLVIMENTO FULL STACK/PROJETOS/projeto21-singmeasong/back-end/src/database.ts": {"path":"/home/jaquecaye/Documentos/DRIVEN/DESENVOLVIMENTO FULL STACK/PROJETOS/projeto21-singmeasong/back-end/src/database.ts","statementMap":{"0":{"start":{"line":1,"column":0},"end":{"line":1,"column":33}},"1":{"start":{"line":3,"column":25},"end":{"line":3,"column":28}},"2":{"start":{"line":5,"column":13},"end":{"line":5,"column":41}}},"fnMap":{},"branchMap":{},"s":{"0":1,"1":1,"2":1},"f":{},"b":{}}
,"/home/jaquecaye/Documentos/DRIVEN/DESENVOLVIMENTO FULL STACK/PROJETOS/projeto21-singmeasong/back-end/src/controllers/e2eController.ts": {"path":"/home/jaquecaye/Documentos/DRIVEN/DESENVOLVIMENTO FULL STACK/PROJETOS/projeto21-singmeasong/back-end/src/controllers/e2eController.ts","statementMap":{"0":{"start":{"line":2,"column":0},"end":{"line":2,"column":53}},"1":{"start":{"line":5,"column":2},"end":{"line":5,"column":30}},"2":{"start":{"line":6,"column":2},"end":{"line":6,"column":22}},"3":{"start":{"line":4,"column":0},"end":{"line":4,"column":22}}},"fnMap":{"0":{"name":"reset","decl":{"start":{"line":4,"column":22},"end":{"line":4,"column":27}},"loc":{"start":{"line":4,"column":55},"end":{"line":7,"column":null}}}},"branchMap":{},"s":{"0":1,"1":0,"2":0,"3":1},"f":{"0":0},"b":{}}
,"/home/jaquecaye/Documentos/DRIVEN/DESENVOLVIMENTO FULL STACK/PROJETOS/projeto21-singmeasong/back-end/src/controllers/recommendationController.ts": {"path":"/home/jaquecaye/Documentos/DRIVEN/DESENVOLVIMENTO FULL STACK/PROJETOS/projeto21-singmeasong/back-end/src/controllers/recommendationController.ts","statementMap":{"0":{"start":{"line":2,"column":0},"end":{"line":2,"column":73}},"1":{"start":{"line":3,"column":0},"end":{"line":3,"column":71}},"2":{"start":{"line":4,"column":0},"end":{"line":4,"column":55}},"3":{"start":{"line":7,"column":21},"end":{"line":7,"column":60}},"4":{"start":{"line":8,"column":2},"end":{"line":10,"column":null}},"5":{"start":{"line":9,"column":4},"end":{"line":9,"column":29}},"6":{"start":{"line":12,"column":2},"end":{"line":12,"column":47}},"7":{"start":{"line":14,"column":2},"end":{"line":14,"column":22}},"8":{"start":{"line":18,"column":17},"end":{"line":18,"column":27}},"9":{"start":{"line":20,"column":2},"end":{"line":20,"column":42}},"10":{"start":{"line":22,"column":2},"end":{"line":22,"column":22}},"11":{"start":{"line":26,"column":17},"end":{"line":26,"column":27}},"12":{"start":{"line":28,"column":2},"end":{"line":28,"column":44}},"13":{"start":{"line":30,"column":2},"end":{"line":30,"column":22}},"14":{"start":{"line":34,"column":31},"end":{"line":34,"column":70}},"15":{"start":{"line":36,"column":2},"end":{"line":36,"column":33}},"16":{"start":{"line":40,"column":26},"end":{"line":40,"column":59}},"17":{"start":{"line":41,"column":2},"end":{"line":41,"column":28}},"18":{"start":{"line":45,"column":21},"end":{"line":45,"column":31}},"19":{"start":{"line":47,"column":26},"end":{"line":47,"column":69}},"20":{"start":{"line":48,"column":2},"end":{"line":48,"column":28}},"21":{"start":{"line":52,"column":17},"end":{"line":52,"column":27}},"22":{"start":{"line":54,"column":25},"end":{"line":54,"column":65}},"23":{"start":{"line":55,"column":2},"end":{"line":55,"column":27}},"24":{"start":{"line":58,"column":13},"end":{"line":66,"column":2}}},"fnMap":{"0":{"name":"insert","decl":{"start":{"line":6,"column":15},"end":{"line":6,"column":21}},"loc":{"start":{"line":6,"column":49},"end":{"line":15,"column":null}}},"1":{"name":"upvote","decl":{"start":{"line":17,"column":15},"end":{"line":17,"column":21}},"loc":{"start":{"line":17,"column":49},"end":{"line":23,"column":null}}},"2":{"name":"downvote","decl":{"start":{"line":25,"column":15},"end":{"line":25,"column":23}},"loc":{"start":{"line":25,"column":51},"end":{"line":31,"column":null}}},"3":{"name":"random","decl":{"start":{"line":33,"column":15},"end":{"line":33,"column":21}},"loc":{"start":{"line":33,"column":49},"end":{"line":37,"column":null}}},"4":{"name":"get","decl":{"start":{"line":39,"column":15},"end":{"line":39,"column":18}},"loc":{"start":{"line":39,"column":46},"end":{"line":42,"column":null}}},"5":{"name":"getTop","decl":{"start":{"line":44,"column":15},"end":{"line":44,"column":21}},"loc":{"start":{"line":44,"column":49},"end":{"line":49,"column":null}}},"6":{"name":"getById","decl":{"start":{"line":51,"column":15},"end":{"line":51,"column":22}},"loc":{"start":{"line":51,"column":50},"end":{"line":56,"column":null}}}},"branchMap":{"0":{"loc":{"start":{"line":8,"column":2},"end":{"line":10,"column":null}},"type":"if","locations":[{"start":{"line":8,"column":2},"end":{"line":10,"column":null}}]}},"s":{"0":1,"1":1,"2":1,"3":4,"4":4,"5":1,"6":3,"7":2,"8":2,"9":2,"10":1,"11":2,"12":2,"13":1,"14":1,"15":1,"16":1,"17":1,"18":1,"19":1,"20":1,"21":2,"22":2,"23":1,"24":1},"f":{"0":4,"1":2,"2":2,"3":1,"4":1,"5":1,"6":2},"b":{"0":[1]}}
,"/home/jaquecaye/Documentos/DRIVEN/DESENVOLVIMENTO FULL STACK/PROJETOS/projeto21-singmeasong/back-end/src/middlewares/errorHandlerMiddleware.ts": {"path":"/home/jaquecaye/Documentos/DRIVEN/DESENVOLVIMENTO FULL STACK/PROJETOS/projeto21-singmeasong/back-end/src/middlewares/errorHandlerMiddleware.ts","statementMap":{"0":{"start":{"line":2,"column":0},"end":{"line":2,"column":null}},"1":{"start":{"line":14,"column":2},"end":{"line":14,"column":19}},"2":{"start":{"line":16,"column":2},"end":{"line":18,"column":null}},"3":{"start":{"line":17,"column":4},"end":{"line":17,"column":73}},"4":{"start":{"line":20,"column":2},"end":{"line":20,"column":29}},"5":{"start":{"line":8,"column":0},"end":{"line":8,"column":16}}},"fnMap":{"0":{"name":"errorHandlerMiddleware","decl":{"start":{"line":8,"column":16},"end":{"line":8,"column":38}},"loc":{"start":{"line":12,"column":20},"end":{"line":21,"column":1}}}},"branchMap":{"0":{"loc":{"start":{"line":16,"column":2},"end":{"line":18,"column":null}},"type":"if","locations":[{"start":{"line":16,"column":2},"end":{"line":18,"column":null}}]}},"s":{"0":1,"1":5,"2":5,"3":5,"4":0,"5":1},"f":{"0":5},"b":{"0":[5]}}
,"/home/jaquecaye/Documentos/DRIVEN/DESENVOLVIMENTO FULL STACK/PROJETOS/projeto21-singmeasong/back-end/src/routers/e2eRouter.ts": {"path":"/home/jaquecaye/Documentos/DRIVEN/DESENVOLVIMENTO FULL STACK/PROJETOS/projeto21-singmeasong/back-end/src/routers/e2eRouter.ts","statementMap":{"0":{"start":{"line":1,"column":0},"end":{"line":1,"column":33}},"1":{"start":{"line":2,"column":0},"end":{"line":2,"column":62}},"2":{"start":{"line":4,"column":18},"end":{"line":4,"column":26}},"3":{"start":{"line":6,"column":0},"end":{"line":6,"column":50}},"4":{"start":{"line":8,"column":0},"end":{"line":8,"column":25}}},"fnMap":{},"branchMap":{},"s":{"0":1,"1":1,"2":1,"3":1,"4":1},"f":{},"b":{}}
,"/home/jaquecaye/Documentos/DRIVEN/DESENVOLVIMENTO FULL STACK/PROJETOS/projeto21-singmeasong/back-end/src/routers/recommendationRouter.ts": {"path":"/home/jaquecaye/Documentos/DRIVEN/DESENVOLVIMENTO FULL STACK/PROJETOS/projeto21-singmeasong/back-end/src/routers/recommendationRouter.ts","statementMap":{"0":{"start":{"line":1,"column":0},"end":{"line":1,"column":33}},"1":{"start":{"line":2,"column":0},"end":{"line":2,"column":83}},"2":{"start":{"line":4,"column":29},"end":{"line":4,"column":37}},"3":{"start":{"line":6,"column":0},"end":{"line":6,"column":64}},"4":{"start":{"line":7,"column":0},"end":{"line":7,"column":60}},"5":{"start":{"line":8,"column":0},"end":{"line":8,"column":69}},"6":{"start":{"line":9,"column":0},"end":{"line":9,"column":74}},"7":{"start":{"line":10,"column":0},"end":{"line":10,"column":67}},"8":{"start":{"line":11,"column":0},"end":{"line":11,"column":74}},"9":{"start":{"line":12,"column":0},"end":{"line":12,"column":78}},"10":{"start":{"line":14,"column":0},"end":{"line":14,"column":36}}},"fnMap":{},"branchMap":{},"s":{"0":1,"1":1,"2":1,"3":1,"4":1,"5":1,"6":1,"7":1,"8":1,"9":1,"10":1},"f":{},"b":{}}
,"/home/jaquecaye/Documentos/DRIVEN/DESENVOLVIMENTO FULL STACK/PROJETOS/projeto21-singmeasong/back-end/src/schemas/recommendationsSchemas.ts": {"path":"/home/jaquecaye/Documentos/DRIVEN/DESENVOLVIMENTO FULL STACK/PROJETOS/projeto21-singmeasong/back-end/src/schemas/recommendationsSchemas.ts","statementMap":{"0":{"start":{"line":1,"column":0},"end":{"line":1,"column":22}},"1":{"start":{"line":4,"column":25},"end":{"line":4,"column":78}},"2":{"start":{"line":6,"column":13},"end":{"line":9,"column":3}}},"fnMap":{},"branchMap":{},"s":{"0":1,"1":1,"2":1},"f":{},"b":{}}
,"/home/jaquecaye/Documentos/DRIVEN/DESENVOLVIMENTO FULL STACK/PROJETOS/projeto21-singmeasong/back-end/src/services/e2eService.ts": {"path":"/home/jaquecaye/Documentos/DRIVEN/DESENVOLVIMENTO FULL STACK/PROJETOS/projeto21-singmeasong/back-end/src/services/e2eService.ts","statementMap":{"0":{"start":{"line":1,"column":0},"end":{"line":1,"column":63}},"1":{"start":{"line":3,"column":2},"end":{"line":3,"column":33}},"2":{"start":{"line":2,"column":0},"end":{"line":2,"column":22}}},"fnMap":{"0":{"name":"truncate","decl":{"start":{"line":2,"column":22},"end":{"line":2,"column":30}},"loc":{"start":{"line":2,"column":30},"end":{"line":4,"column":null}}}},"branchMap":{},"s":{"0":1,"1":0,"2":1},"f":{"0":0},"b":{}}
,"/home/jaquecaye/Documentos/DRIVEN/DESENVOLVIMENTO FULL STACK/PROJETOS/projeto21-singmeasong/back-end/src/services/recommendationsService.ts": {"path":"/home/jaquecaye/Documentos/DRIVEN/DESENVOLVIMENTO FULL STACK/PROJETOS/projeto21-singmeasong/back-end/src/services/recommendationsService.ts","statementMap":{"0":{"start":{"line":2,"column":0},"end":{"line":2,"column":80}},"1":{"start":{"line":3,"column":0},"end":{"line":3,"column":67}},"2":{"start":{"line":8,"column":33},"end":{"line":9,"column":null}},"3":{"start":{"line":12,"column":2},"end":{"line":13,"column":64}},"4":{"start":{"line":13,"column":4},"end":{"line":13,"column":64}},"5":{"start":{"line":15,"column":2},"end":{"line":15,"column":66}},"6":{"start":{"line":19,"column":2},"end":{"line":19,"column":26}},"7":{"start":{"line":21,"column":2},"end":{"line":21,"column":62}},"8":{"start":{"line":25,"column":2},"end":{"line":25,"column":26}},"9":{"start":{"line":27,"column":32},"end":{"line":29,"column":null}},"10":{"start":{"line":32,"column":2},"end":{"line":34,"column":null}},"11":{"start":{"line":33,"column":4},"end":{"line":33,"column":46}},"12":{"start":{"line":38,"column":25},"end":{"line":38,"column":64}},"13":{"start":{"line":40,"column":2},"end":{"line":40,"column":null}},"14":{"start":{"line":42,"column":2},"end":{"line":42,"column":45}},"15":{"start":{"line":42,"column":23},"end":{"line":42,"column":45}},"16":{"start":{"line":44,"column":2},"end":{"line":44,"column":24}},"17":{"start":{"line":48,"column":2},"end":{"line":48,"column":44}},"18":{"start":{"line":52,"column":2},"end":{"line":52,"column":59}},"19":{"start":{"line":56,"column":17},"end":{"line":56,"column":30}},"20":{"start":{"line":57,"column":22},"end":{"line":57,"column":44}},"21":{"start":{"line":59,"column":26},"end":{"line":59,"column":55}},"22":{"start":{"line":61,"column":2},"end":{"line":63,"column":null}},"23":{"start":{"line":62,"column":4},"end":{"line":62,"column":26}},"24":{"start":{"line":65,"column":22},"end":{"line":65,"column":72}},"25":{"start":{"line":66,"column":2},"end":{"line":66,"column":38}},"26":{"start":{"line":70,"column":26},"end":{"line":73,"column":4}},"27":{"start":{"line":75,"column":2},"end":{"line":77,"column":null}},"28":{"start":{"line":76,"column":4},"end":{"line":76,"column":27}},"29":{"start":{"line":79,"column":2},"end":{"line":79,"column":44}},"30":{"start":{"line":83,"column":2},"end":{"line":85,"column":null}},"31":{"start":{"line":84,"column":4},"end":{"line":84,"column":16}},"32":{"start":{"line":87,"column":2},"end":{"line":87,"column":15}},"33":{"start":{"line":90,"column":0},"end":{"line":98,"column":2}}},"fnMap":{"0":{"name":"insert","decl":{"start":{"line":7,"column":15},"end":{"line":7,"column":21}},"loc":{"start":{"line":7,"column":72},"end":{"line":16,"column":null}}},"1":{"name":"upvote","decl":{"start":{"line":18,"column":15},"end":{"line":18,"column":21}},"loc":{"start":{"line":18,"column":32},"end":{"line":22,"column":null}}},"2":{"name":"downvote","decl":{"start":{"line":24,"column":15},"end":{"line":24,"column":23}},"loc":{"start":{"line":24,"column":34},"end":{"line":35,"column":null}}},"3":{"name":"getByIdOrFail","decl":{"start":{"line":37,"column":15},"end":{"line":37,"column":28}},"loc":{"start":{"line":37,"column":39},"end":{"line":45,"column":null}}},"4":{"name":"get","decl":{"start":{"line":47,"column":15},"end":{"line":47,"column":18}},"loc":{"start":{"line":47,"column":18},"end":{"line":49,"column":null}}},"5":{"name":"getTop","decl":{"start":{"line":51,"column":15},"end":{"line":51,"column":21}},"loc":{"start":{"line":51,"column":36},"end":{"line":53,"column":null}}},"6":{"name":"getRandom","decl":{"start":{"line":55,"column":15},"end":{"line":55,"column":24}},"loc":{"start":{"line":55,"column":24},"end":{"line":67,"column":null}}},"7":{"name":"getByScore","decl":{"start":{"line":69,"column":15},"end":{"line":69,"column":25}},"loc":{"start":{"line":69,"column":51},"end":{"line":80,"column":null}}},"8":{"name":"getScoreFilter","decl":{"start":{"line":82,"column":9},"end":{"line":82,"column":23}},"loc":{"start":{"line":82,"column":38},"end":{"line":88,"column":1}}}},"branchMap":{"0":{"loc":{"start":{"line":12,"column":2},"end":{"line":13,"column":64}},"type":"if","locations":[{"start":{"line":12,"column":2},"end":{"line":13,"column":64}}]},"1":{"loc":{"start":{"line":32,"column":2},"end":{"line":34,"column":null}},"type":"if","locations":[{"start":{"line":32,"column":2},"end":{"line":34,"column":null}}]},"2":{"loc":{"start":{"line":42,"column":2},"end":{"line":42,"column":45}},"type":"if","locations":[{"start":{"line":42,"column":2},"end":{"line":42,"column":45}}]},"3":{"loc":{"start":{"line":61,"column":2},"end":{"line":63,"column":null}},"type":"if","locations":[{"start":{"line":61,"column":2},"end":{"line":63,"column":null}}]},"4":{"loc":{"start":{"line":75,"column":2},"end":{"line":77,"column":null}},"type":"if","locations":[{"start":{"line":75,"column":2},"end":{"line":77,"column":null}}]},"5":{"loc":{"start":{"line":83,"column":2},"end":{"line":85,"column":null}},"type":"if","locations":[{"start":{"line":83,"column":2},"end":{"line":85,"column":null}}]}},"s":{"0":1,"1":1,"2":3,"3":3,"4":1,"5":2,"6":2,"7":1,"8":2,"9":1,"10":1,"11":0,"12":6,"13":6,"14":6,"15":3,"16":3,"17":1,"18":1,"19":1,"20":1,"21":1,"22":1,"23":0,"24":1,"25":1,"26":1,"27":1,"28":1,"29":0,"30":1,"31":1,"32":0,"33":1},"f":{"0":3,"1":2,"2":2,"3":6,"4":1,"5":1,"6":1,"7":1,"8":1},"b":{"0":[1],"1":[0],"2":[3],"3":[0],"4":[1],"5":[1]}}
}
