{"/home/jaquecaye/Documentos/DRIVEN/DESENVOLVIMENTO FULL STACK/PROJETOS/projeto21-singmeasong/back-end/src/database.ts": {"path":"/home/jaquecaye/Documentos/DRIVEN/DESENVOLVIMENTO FULL STACK/PROJETOS/projeto21-singmeasong/back-end/src/database.ts","statementMap":{"0":{"start":{"line":1,"column":0},"end":{"line":1,"column":33}},"1":{"start":{"line":3,"column":25},"end":{"line":3,"column":28}},"2":{"start":{"line":5,"column":13},"end":{"line":5,"column":41}}},"fnMap":{},"branchMap":{},"s":{"0":1,"1":1,"2":1},"f":{},"b":{}}
,"/home/jaquecaye/Documentos/DRIVEN/DESENVOLVIMENTO FULL STACK/PROJETOS/projeto21-singmeasong/back-end/src/services/recommendationsService.ts": {"path":"/home/jaquecaye/Documentos/DRIVEN/DESENVOLVIMENTO FULL STACK/PROJETOS/projeto21-singmeasong/back-end/src/services/recommendationsService.ts","statementMap":{"0":{"start":{"line":2,"column":0},"end":{"line":2,"column":80}},"1":{"start":{"line":3,"column":0},"end":{"line":3,"column":67}},"2":{"start":{"line":8,"column":33},"end":{"line":9,"column":null}},"3":{"start":{"line":12,"column":2},"end":{"line":13,"column":64}},"4":{"start":{"line":13,"column":4},"end":{"line":13,"column":64}},"5":{"start":{"line":15,"column":2},"end":{"line":15,"column":66}},"6":{"start":{"line":19,"column":2},"end":{"line":19,"column":26}},"7":{"start":{"line":21,"column":2},"end":{"line":21,"column":62}},"8":{"start":{"line":25,"column":2},"end":{"line":25,"column":26}},"9":{"start":{"line":27,"column":32},"end":{"line":29,"column":null}},"10":{"start":{"line":32,"column":2},"end":{"line":34,"column":null}},"11":{"start":{"line":33,"column":4},"end":{"line":33,"column":46}},"12":{"start":{"line":38,"column":25},"end":{"line":38,"column":64}},"13":{"start":{"line":40,"column":2},"end":{"line":40,"column":45}},"14":{"start":{"line":40,"column":23},"end":{"line":40,"column":45}},"15":{"start":{"line":42,"column":2},"end":{"line":42,"column":24}},"16":{"start":{"line":46,"column":2},"end":{"line":46,"column":44}},"17":{"start":{"line":50,"column":2},"end":{"line":50,"column":59}},"18":{"start":{"line":54,"column":17},"end":{"line":54,"column":30}},"19":{"start":{"line":55,"column":22},"end":{"line":55,"column":44}},"20":{"start":{"line":57,"column":26},"end":{"line":57,"column":55}},"21":{"start":{"line":58,"column":2},"end":{"line":60,"column":null}},"22":{"start":{"line":59,"column":4},"end":{"line":59,"column":26}},"23":{"start":{"line":62,"column":22},"end":{"line":62,"column":72}},"24":{"start":{"line":63,"column":2},"end":{"line":63,"column":38}},"25":{"start":{"line":67,"column":26},"end":{"line":70,"column":4}},"26":{"start":{"line":72,"column":2},"end":{"line":74,"column":null}},"27":{"start":{"line":73,"column":4},"end":{"line":73,"column":27}},"28":{"start":{"line":76,"column":2},"end":{"line":76,"column":44}},"29":{"start":{"line":80,"column":2},"end":{"line":82,"column":null}},"30":{"start":{"line":81,"column":4},"end":{"line":81,"column":16}},"31":{"start":{"line":84,"column":2},"end":{"line":84,"column":15}},"32":{"start":{"line":87,"column":0},"end":{"line":95,"column":2}}},"fnMap":{"0":{"name":"insert","decl":{"start":{"line":7,"column":15},"end":{"line":7,"column":21}},"loc":{"start":{"line":7,"column":72},"end":{"line":16,"column":null}}},"1":{"name":"upvote","decl":{"start":{"line":18,"column":15},"end":{"line":18,"column":21}},"loc":{"start":{"line":18,"column":32},"end":{"line":22,"column":null}}},"2":{"name":"downvote","decl":{"start":{"line":24,"column":15},"end":{"line":24,"column":23}},"loc":{"start":{"line":24,"column":34},"end":{"line":35,"column":null}}},"3":{"name":"getByIdOrFail","decl":{"start":{"line":37,"column":15},"end":{"line":37,"column":28}},"loc":{"start":{"line":37,"column":39},"end":{"line":43,"column":null}}},"4":{"name":"get","decl":{"start":{"line":45,"column":15},"end":{"line":45,"column":18}},"loc":{"start":{"line":45,"column":18},"end":{"line":47,"column":null}}},"5":{"name":"getTop","decl":{"start":{"line":49,"column":15},"end":{"line":49,"column":21}},"loc":{"start":{"line":49,"column":36},"end":{"line":51,"column":null}}},"6":{"name":"getRandom","decl":{"start":{"line":53,"column":15},"end":{"line":53,"column":24}},"loc":{"start":{"line":53,"column":24},"end":{"line":64,"column":null}}},"7":{"name":"getByScore","decl":{"start":{"line":66,"column":15},"end":{"line":66,"column":25}},"loc":{"start":{"line":66,"column":51},"end":{"line":77,"column":null}}},"8":{"name":"getScoreFilter","decl":{"start":{"line":79,"column":9},"end":{"line":79,"column":23}},"loc":{"start":{"line":79,"column":38},"end":{"line":85,"column":1}}}},"branchMap":{"0":{"loc":{"start":{"line":12,"column":2},"end":{"line":13,"column":64}},"type":"if","locations":[{"start":{"line":12,"column":2},"end":{"line":13,"column":64}}]},"1":{"loc":{"start":{"line":32,"column":2},"end":{"line":34,"column":null}},"type":"if","locations":[{"start":{"line":32,"column":2},"end":{"line":34,"column":null}}]},"2":{"loc":{"start":{"line":40,"column":2},"end":{"line":40,"column":45}},"type":"if","locations":[{"start":{"line":40,"column":2},"end":{"line":40,"column":45}}]},"3":{"loc":{"start":{"line":58,"column":2},"end":{"line":60,"column":null}},"type":"if","locations":[{"start":{"line":58,"column":2},"end":{"line":60,"column":null}}]},"4":{"loc":{"start":{"line":72,"column":2},"end":{"line":74,"column":null}},"type":"if","locations":[{"start":{"line":72,"column":2},"end":{"line":74,"column":null}}]},"5":{"loc":{"start":{"line":80,"column":2},"end":{"line":82,"column":null}},"type":"if","locations":[{"start":{"line":80,"column":2},"end":{"line":82,"column":null}}]}},"s":{"0":1,"1":1,"2":2,"3":2,"4":1,"5":1,"6":1,"7":1,"8":2,"9":2,"10":2,"11":1,"12":3,"13":3,"14":0,"15":3,"16":1,"17":1,"18":0,"19":0,"20":0,"21":0,"22":0,"23":0,"24":0,"25":0,"26":0,"27":0,"28":0,"29":0,"30":0,"31":0,"32":1},"f":{"0":2,"1":1,"2":2,"3":3,"4":1,"5":1,"6":0,"7":0,"8":0},"b":{"0":[1],"1":[1],"2":[0],"3":[0],"4":[0],"5":[0]}}
}
