TN:
SF:src/app.ts
FNF:0
FNH:0
DA:1,1
DA:2,1
DA:3,1
DA:4,1
DA:5,1
DA:6,1
DA:7,1
DA:9,1
DA:11,1
DA:12,1
DA:13,1
DA:15,1
DA:17,1
DA:18,1
DA:21,1
DA:23,1
LF:16
LH:16
BRDA:17,0,0,1
BRF:1
BRH:1
end_of_record
TN:
SF:src/database.ts
FNF:0
FNH:0
DA:1,1
DA:3,1
DA:5,1
LF:3
LH:3
BRF:0
BRH:0
end_of_record
TN:
SF:src/controllers/e2eController.ts
FN:4,reset
FNF:1
FNH:0
FNDA:0,reset
DA:2,1
DA:4,1
DA:5,0
DA:6,0
LF:4
LH:2
BRF:0
BRH:0
end_of_record
TN:
SF:src/controllers/recommendationController.ts
FN:6,insert
FN:17,upvote
FN:25,downvote
FN:33,random
FN:39,get
FN:44,getTop
FN:51,getById
FNF:7
FNH:7
FNDA:4,insert
FNDA:2,upvote
FNDA:2,downvote
FNDA:1,random
FNDA:1,get
FNDA:1,getTop
FNDA:2,getById
DA:2,1
DA:3,1
DA:4,1
DA:7,4
DA:8,4
DA:9,1
DA:12,3
DA:14,2
DA:18,2
DA:20,2
DA:22,1
DA:26,2
DA:28,2
DA:30,1
DA:34,1
DA:36,1
DA:40,1
DA:41,1
DA:45,1
DA:47,1
DA:48,1
DA:52,2
DA:54,2
DA:55,1
DA:58,1
LF:25
LH:25
BRDA:8,0,0,1
BRF:1
BRH:1
end_of_record
TN:
SF:src/middlewares/errorHandlerMiddleware.ts
FN:8,errorHandlerMiddleware
FNF:1
FNH:1
FNDA:5,errorHandlerMiddleware
DA:2,1
DA:8,1
DA:14,5
DA:16,5
DA:17,5
DA:20,0
LF:6
LH:5
BRDA:16,0,0,5
BRF:1
BRH:1
end_of_record
TN:
SF:src/routers/e2eRouter.ts
FNF:0
FNH:0
DA:1,1
DA:2,1
DA:4,1
DA:6,1
DA:8,1
LF:5
LH:5
BRF:0
BRH:0
end_of_record
TN:
SF:src/routers/recommendationRouter.ts
FNF:0
FNH:0
DA:1,1
DA:2,1
DA:4,1
DA:6,1
DA:7,1
DA:8,1
DA:9,1
DA:10,1
DA:11,1
DA:12,1
DA:14,1
LF:11
LH:11
BRF:0
BRH:0
end_of_record
TN:
SF:src/schemas/recommendationsSchemas.ts
FNF:0
FNH:0
DA:1,1
DA:4,1
DA:6,1
LF:3
LH:3
BRF:0
BRH:0
end_of_record
TN:
SF:src/services/e2eService.ts
FN:2,truncate
FNF:1
FNH:0
FNDA:0,truncate
DA:1,1
DA:2,1
DA:3,0
LF:3
LH:2
BRF:0
BRH:0
end_of_record
TN:
SF:src/services/recommendationsService.ts
FN:7,insert
FN:18,upvote
FN:24,downvote
FN:37,getByIdOrFail
FN:47,get
FN:51,getTop
FN:55,getRandom
FN:69,getByScore
FN:82,getScoreFilter
FNF:9
FNH:9
FNDA:3,insert
FNDA:2,upvote
FNDA:2,downvote
FNDA:6,getByIdOrFail
FNDA:1,get
FNDA:1,getTop
FNDA:1,getRandom
FNDA:1,getByScore
FNDA:1,getScoreFilter
DA:2,1
DA:3,1
DA:8,3
DA:12,3
DA:13,1
DA:15,2
DA:19,2
DA:21,1
DA:25,2
DA:27,1
DA:32,1
DA:33,0
DA:38,6
DA:40,6
DA:42,6
DA:44,3
DA:48,1
DA:52,1
DA:56,1
DA:57,1
DA:59,1
DA:61,1
DA:62,0
DA:65,1
DA:66,1
DA:70,1
DA:75,1
DA:76,1
DA:79,0
DA:83,1
DA:84,1
DA:87,0
DA:90,1
LF:33
LH:29
BRDA:12,0,0,1
BRDA:32,1,0,0
BRDA:42,2,0,3
BRDA:61,3,0,0
BRDA:75,4,0,1
BRDA:83,5,0,1
BRF:6
BRH:4
end_of_record
