TN:
SF:src/database.ts
FNF:0
FNH:0
DA:1,1
DA:3,1
DA:5,1
LF:3
LH:3
BRF:0
BRH:0
end_of_record
TN:
SF:src/services/recommendationsService.ts
FN:7,insert
FN:18,upvote
FN:24,downvote
FN:37,getByIdOrFail
FN:45,get
FN:49,getTop
FN:53,getRandom
FN:66,getByScore
FN:79,getScoreFilter
FNF:9
FNH:6
FNDA:2,insert
FNDA:1,upvote
FNDA:2,downvote
FNDA:3,getByIdOrFail
FNDA:1,get
FNDA:1,getTop
FNDA:0,getRandom
FNDA:0,getByScore
FNDA:0,getScoreFilter
DA:2,1
DA:3,1
DA:8,2
DA:12,2
DA:13,1
DA:15,1
DA:19,1
DA:21,1
DA:25,2
DA:27,2
DA:32,2
DA:33,1
DA:38,3
DA:40,3
DA:42,3
DA:46,1
DA:50,1
DA:54,0
DA:55,0
DA:57,0
DA:58,0
DA:59,0
DA:62,0
DA:63,0
DA:67,0
DA:72,0
DA:73,0
DA:76,0
DA:80,0
DA:81,0
DA:84,0
DA:87,1
LF:32
LH:18
BRDA:12,0,0,1
BRDA:32,1,0,1
BRDA:40,2,0,0
BRDA:58,3,0,0
BRDA:72,4,0,0
BRDA:80,5,0,0
BRF:6
BRH:2
end_of_record
